[01/Mar/2017:20:42:14] ENGINE Listening for SIGTERM.
[01/Mar/2017:20:42:14] ENGINE Bus STARTING
[01/Mar/2017:20:42:14] ENGINE Set handler for console events.
[01/Mar/2017:20:42:14] ENGINE Started monitor thread '_TimeoutMonitor'.
[01/Mar/2017:20:42:14] ENGINE Serving on http://127.0.0.1:8080
[01/Mar/2017:20:42:14] ENGINE Bus STARTED
[01/Mar/2017:20:42:39] ENGINE Console event 2: shutting down bus
[01/Mar/2017:20:42:39] ENGINE Removed handler for console events.
[01/Mar/2017:20:42:39] ENGINE Bus STOPPING
[01/Mar/2017:20:42:39] ENGINE HTTP Server cherrypy._cpwsgi_server.CPWSGIServer(('127.0.0.1', 8080)) shut down
[01/Mar/2017:20:42:39] ENGINE Handler for console events already off.
[01/Mar/2017:20:42:39] ENGINE Stopped thread '_TimeoutMonitor'.
[01/Mar/2017:20:42:39] ENGINE Bus STOPPED
[01/Mar/2017:20:42:39] ENGINE Bus EXITING
[01/Mar/2017:20:42:39] ENGINE Waiting for child threads to terminate...
[01/Mar/2017:20:42:39] ENGINE Bus EXITED
[02/Mar/2017:11:22:01] ENGINE Listening for SIGTERM.
[02/Mar/2017:11:22:01] ENGINE Bus STARTING
[02/Mar/2017:11:22:01] ENGINE Set handler for console events.
[02/Mar/2017:11:22:01] ENGINE Started monitor thread '_TimeoutMonitor'.
[02/Mar/2017:11:22:02] ENGINE Serving on http://127.0.0.1:8080
[02/Mar/2017:11:22:02] ENGINE Bus STARTED
[02/Mar/2017:11:30:38] ENGINE Listening for SIGTERM.
[02/Mar/2017:11:30:38] ENGINE Bus STARTING
[02/Mar/2017:11:30:38] ENGINE Set handler for console events.
[02/Mar/2017:11:30:38] ENGINE Started monitor thread '_TimeoutMonitor'.
[02/Mar/2017:11:30:38] ENGINE Serving on http://127.0.0.1:8080
[02/Mar/2017:11:30:38] ENGINE Bus STARTED
[02/Mar/2017:11:30:47] HTTP 
Traceback (most recent call last):
  File "C:\Users\WADDE\AppData\Local\Programs\Python\Python35-32\lib\site-packages\cherrypy\_cprequest.py", line 670, in respond
    response.body = self.handler()
  File "C:\Users\WADDE\AppData\Local\Programs\Python\Python35-32\lib\site-packages\cherrypy\lib\encoding.py", line 220, in __call__
    self.body = self.oldhandler(*args, **kwargs)
  File "C:\Users\WADDE\AppData\Local\Programs\Python\Python35-32\lib\site-packages\cherrypy\_cpdispatch.py", line 60, in __call__
    return self.callable(*self.args, **self.kwargs)
  File "C:/Users/WADDE/PycharmProjects/A.L.L-Project-2-Way-finder/CherryPyWebsite.py", line 26, in campusMap
    return open("campusMap.html")
FileNotFoundError: [Errno 2] No such file or directory: 'campusMap.html'
[02/Mar/2017:11:31:17] ENGINE Listening for SIGTERM.
[02/Mar/2017:11:31:17] ENGINE Bus STARTING
[02/Mar/2017:11:31:17] ENGINE Set handler for console events.
[02/Mar/2017:11:31:17] ENGINE Started monitor thread '_TimeoutMonitor'.
[02/Mar/2017:11:31:18] HTTP 
Traceback (most recent call last):
  File "C:\Users\WADDE\AppData\Local\Programs\Python\Python35-32\lib\site-packages\cherrypy\_cprequest.py", line 670, in respond
    response.body = self.handler()
  File "C:\Users\WADDE\AppData\Local\Programs\Python\Python35-32\lib\site-packages\cherrypy\lib\encoding.py", line 220, in __call__
    self.body = self.oldhandler(*args, **kwargs)
  File "C:\Users\WADDE\AppData\Local\Programs\Python\Python35-32\lib\site-packages\cherrypy\_cpdispatch.py", line 60, in __call__
    return self.callable(*self.args, **self.kwargs)
  File "C:/Users/WADDE/PycharmProjects/A.L.L-Project-2-Way-finder/CherryPyWebsite.py", line 26, in campusMap
    return open("External Wayfinding/campusMap.html")
FileNotFoundError: [Errno 2] No such file or directory: 'campusMap.html'
[02/Mar/2017:11:31:18] ENGINE Error in 'start' listener <bound method Server.start of <cherrypy._cpserver.Server object at 0x03EC77B0>>
Traceback (most recent call last):
  File "C:\Users\WADDE\AppData\Local\Programs\Python\Python35-32\lib\site-packages\cherrypy\process\wspbus.py", line 216, in publish
    output.append(listener(*args, **kwargs))
  File "C:\Users\WADDE\AppData\Local\Programs\Python\Python35-32\lib\site-packages\cherrypy\_cpserver.py", line 168, in start
    super(Server, self).start()
  File "C:\Users\WADDE\AppData\Local\Programs\Python\Python35-32\lib\site-packages\cherrypy\process\servers.py", line 177, in start
    portend.free(*self.bind_addr, timeout=Timeouts.free)
  File "C:\Users\WADDE\AppData\Local\Programs\Python\Python35-32\lib\site-packages\portend.py", line 143, in free
    raise Timeout("Port {port} not free on {host}.".format(**locals()))
portend.Timeout: Port 8080 not free on 127.0.0.1.

[02/Mar/2017:11:31:18] ENGINE Shutting down due to error in start listener:
Traceback (most recent call last):
  File "C:\Users\WADDE\AppData\Local\Programs\Python\Python35-32\lib\site-packages\cherrypy\process\wspbus.py", line 254, in start
    self.publish('start')
  File "C:\Users\WADDE\AppData\Local\Programs\Python\Python35-32\lib\site-packages\cherrypy\process\wspbus.py", line 234, in publish
    raise exc
cherrypy.process.wspbus.ChannelFailures: Timeout('Port 8080 not free on 127.0.0.1.',)

[02/Mar/2017:11:31:18] ENGINE Bus STOPPING
[02/Mar/2017:11:31:18] ENGINE HTTP Server cherrypy._cpwsgi_server.CPWSGIServer(('127.0.0.1', 8080)) already shut down
[02/Mar/2017:11:31:18] ENGINE Removed handler for console events.
[02/Mar/2017:11:31:18] ENGINE Stopped thread '_TimeoutMonitor'.
[02/Mar/2017:11:31:18] ENGINE Bus STOPPED
[02/Mar/2017:11:31:18] ENGINE Bus EXITING
[02/Mar/2017:11:31:18] ENGINE Bus EXITED
[02/Mar/2017:11:31:19] HTTP 
Traceback (most recent call last):
  File "C:\Users\WADDE\AppData\Local\Programs\Python\Python35-32\lib\site-packages\cherrypy\_cprequest.py", line 670, in respond
    response.body = self.handler()
  File "C:\Users\WADDE\AppData\Local\Programs\Python\Python35-32\lib\site-packages\cherrypy\lib\encoding.py", line 220, in __call__
    self.body = self.oldhandler(*args, **kwargs)
  File "C:\Users\WADDE\AppData\Local\Programs\Python\Python35-32\lib\site-packages\cherrypy\_cpdispatch.py", line 60, in __call__
    return self.callable(*self.args, **self.kwargs)
  File "C:/Users/WADDE/PycharmProjects/A.L.L-Project-2-Way-finder/CherryPyWebsite.py", line 26, in campusMap
    return open("External Wayfinding/campusMap.html")
FileNotFoundError: [Errno 2] No such file or directory: 'campusMap.html'
[02/Mar/2017:11:31:30] ENGINE Listening for SIGTERM.
[02/Mar/2017:11:31:30] ENGINE Bus STARTING
[02/Mar/2017:11:31:30] ENGINE Set handler for console events.
[02/Mar/2017:11:31:30] ENGINE Started monitor thread '_TimeoutMonitor'.
[02/Mar/2017:11:31:30] ENGINE Serving on http://127.0.0.1:8080
[02/Mar/2017:11:31:30] ENGINE Bus STARTED
[02/Mar/2017:11:34:13] ENGINE Listening for SIGTERM.
[02/Mar/2017:11:34:13] ENGINE Bus STARTING
[02/Mar/2017:11:34:13] ENGINE Set handler for console events.
[02/Mar/2017:11:34:13] ENGINE Started monitor thread '_TimeoutMonitor'.
[02/Mar/2017:11:34:13] ENGINE Serving on http://127.0.0.1:8080
[02/Mar/2017:11:34:13] ENGINE Bus STARTED
[02/Mar/2017:11:34:26] HTTP 
Traceback (most recent call last):
  File "C:\Users\WADDE\AppData\Local\Programs\Python\Python35-32\lib\site-packages\cherrypy\_cprequest.py", line 670, in respond
    response.body = self.handler()
  File "C:\Users\WADDE\AppData\Local\Programs\Python\Python35-32\lib\site-packages\cherrypy\lib\encoding.py", line 220, in __call__
    self.body = self.oldhandler(*args, **kwargs)
  File "C:\Users\WADDE\AppData\Local\Programs\Python\Python35-32\lib\site-packages\cherrypy\_cpdispatch.py", line 60, in __call__
    return self.callable(*self.args, **self.kwargs)
  File "C:/Users/WADDE/PycharmProjects/A.L.L-Project-2-Way-finder/CherryPyWebsite.py", line 26, in campusMap
    return open("External Wayfinding/campusMap.html")
FileNotFoundError: [Errno 2] No such file or directory: 'External Wayfinding/campusMap.html'
[02/Mar/2017:11:35:07] ENGINE Listening for SIGTERM.
[02/Mar/2017:11:35:07] ENGINE Bus STARTING
[02/Mar/2017:11:35:07] ENGINE Set handler for console events.
[02/Mar/2017:11:35:07] ENGINE Started monitor thread '_TimeoutMonitor'.
[02/Mar/2017:11:35:08] ENGINE Serving on http://127.0.0.1:8080
[02/Mar/2017:11:35:08] ENGINE Bus STARTED
[02/Mar/2017:11:37:12] ENGINE Listening for SIGTERM.
[02/Mar/2017:11:37:12] ENGINE Bus STARTING
[02/Mar/2017:11:37:12] ENGINE Set handler for console events.
[02/Mar/2017:11:37:12] ENGINE Started monitor thread '_TimeoutMonitor'.
[02/Mar/2017:11:37:13] ENGINE Serving on http://127.0.0.1:8080
[02/Mar/2017:11:37:13] ENGINE Bus STARTED
[02/Mar/2017:11:50:42] ENGINE Listening for SIGTERM.
[02/Mar/2017:11:50:42] ENGINE Bus STARTING
[02/Mar/2017:11:50:42] ENGINE Set handler for console events.
[02/Mar/2017:11:50:42] ENGINE Started monitor thread '_TimeoutMonitor'.
[02/Mar/2017:11:50:42] ENGINE Serving on http://127.0.0.1:8080
[02/Mar/2017:11:50:42] ENGINE Bus STARTED
[02/Mar/2017:11:50:50] HTTP 
Traceback (most recent call last):
  File "C:\Users\WADDE\AppData\Local\Programs\Python\Python35-32\lib\site-packages\cherrypy\_cprequest.py", line 670, in respond
    response.body = self.handler()
  File "C:\Users\WADDE\AppData\Local\Programs\Python\Python35-32\lib\site-packages\cherrypy\lib\encoding.py", line 220, in __call__
    self.body = self.oldhandler(*args, **kwargs)
  File "C:\Users\WADDE\AppData\Local\Programs\Python\Python35-32\lib\site-packages\cherrypy\_cpdispatch.py", line 60, in __call__
    return self.callable(*self.args, **self.kwargs)
  File "C:/Users/WADDE/PycharmProjects/A.L.L-Project-2-Way-finder/CherryPyWebsite.py", line 26, in campusMap
    return open("wayfinding/campusMap.html")
FileNotFoundError: [Errno 2] No such file or directory: 'wayfinding/campusMap.html'
[02/Mar/2017:11:55:02] ENGINE Listening for SIGTERM.
[02/Mar/2017:11:55:02] ENGINE Bus STARTING
[02/Mar/2017:11:55:02] ENGINE Set handler for console events.
[02/Mar/2017:11:55:02] ENGINE Started monitor thread '_TimeoutMonitor'.
[02/Mar/2017:11:55:02] ENGINE Serving on http://127.0.0.1:8080
[02/Mar/2017:11:55:02] ENGINE Bus STARTED
[02/Mar/2017:11:56:11] ENGINE Listening for SIGTERM.
[02/Mar/2017:11:56:11] ENGINE Bus STARTING
[02/Mar/2017:11:56:11] ENGINE Set handler for console events.
[02/Mar/2017:11:56:11] ENGINE Started monitor thread '_TimeoutMonitor'.
[02/Mar/2017:11:56:12] ENGINE Serving on http://127.0.0.1:8080
[02/Mar/2017:11:56:12] ENGINE Bus STARTED
[02/Mar/2017:12:00:05] ENGINE Listening for SIGTERM.
[02/Mar/2017:12:00:05] ENGINE Bus STARTING
[02/Mar/2017:12:00:05] ENGINE Set handler for console events.
[02/Mar/2017:12:00:05] ENGINE Started monitor thread '_TimeoutMonitor'.
[02/Mar/2017:12:00:06] ENGINE Serving on http://127.0.0.1:8080
[02/Mar/2017:12:00:06] ENGINE Bus STARTED
[02/Mar/2017:12:00:12] HTTP 
Traceback (most recent call last):
  File "C:\Users\WADDE\AppData\Local\Programs\Python\Python35-32\lib\site-packages\cherrypy\_cprequest.py", line 670, in respond
    response.body = self.handler()
  File "C:\Users\WADDE\AppData\Local\Programs\Python\Python35-32\lib\site-packages\cherrypy\lib\encoding.py", line 220, in __call__
    self.body = self.oldhandler(*args, **kwargs)
  File "C:\Users\WADDE\AppData\Local\Programs\Python\Python35-32\lib\site-packages\cherrypy\_cpdispatch.py", line 60, in __call__
    return self.callable(*self.args, **self.kwargs)
  File "C:/Users/WADDE/PycharmProjects/A.L.L-Project-2-Way-finder/CherryPyWebsite.py", line 26, in campusMap
    return open("wayfinding/index.html")
FileNotFoundError: [Errno 2] No such file or directory: 'wayfinding/index.html'
[02/Mar/2017:12:00:31] ENGINE Listening for SIGTERM.
[02/Mar/2017:12:00:31] ENGINE Bus STARTING
[02/Mar/2017:12:00:31] ENGINE Set handler for console events.
[02/Mar/2017:12:00:31] ENGINE Started monitor thread '_TimeoutMonitor'.
[02/Mar/2017:12:00:32] ENGINE Serving on http://127.0.0.1:8080
[02/Mar/2017:12:00:32] ENGINE Bus STARTED
[02/Mar/2017:12:02:29] ENGINE Listening for SIGTERM.
[02/Mar/2017:12:02:29] ENGINE Bus STARTING
[02/Mar/2017:12:02:29] ENGINE Set handler for console events.
[02/Mar/2017:12:02:29] ENGINE Started monitor thread '_TimeoutMonitor'.
[02/Mar/2017:12:02:29] ENGINE Serving on http://127.0.0.1:8080
[02/Mar/2017:12:02:29] ENGINE Bus STARTED
[02/Mar/2017:12:08:38] ENGINE Listening for SIGTERM.
[02/Mar/2017:12:08:38] ENGINE Bus STARTING
[02/Mar/2017:12:08:38] ENGINE Set handler for console events.
[02/Mar/2017:12:08:38] ENGINE Started monitor thread '_TimeoutMonitor'.
[02/Mar/2017:12:08:39] ENGINE Serving on http://127.0.0.1:8080
[02/Mar/2017:12:08:39] ENGINE Bus STARTED
[11/Mar/2017:16:49:23] ENGINE Listening for SIGTERM.
[11/Mar/2017:16:49:23] ENGINE Bus STARTING
[11/Mar/2017:16:49:23] ENGINE Set handler for console events.
[11/Mar/2017:16:49:23] ENGINE Started monitor thread '_TimeoutMonitor'.
[11/Mar/2017:16:49:23] ENGINE Serving on http://127.0.0.1:8080
[11/Mar/2017:16:49:23] ENGINE Bus STARTED
[13/Mar/2017:11:11:29] ENGINE Listening for SIGTERM.
[13/Mar/2017:11:11:29] ENGINE Bus STARTING
[13/Mar/2017:11:11:29] ENGINE Set handler for console events.
[13/Mar/2017:11:11:29] ENGINE Started monitor thread '_TimeoutMonitor'.
[13/Mar/2017:11:11:29] ENGINE Serving on http://127.0.0.1:8080
[13/Mar/2017:11:11:29] ENGINE Bus STARTED
[13/Mar/2017:11:13:13] ENGINE Listening for SIGTERM.
[13/Mar/2017:11:13:13] ENGINE Bus STARTING
[13/Mar/2017:11:13:13] ENGINE Set handler for console events.
[13/Mar/2017:11:13:13] ENGINE Started monitor thread '_TimeoutMonitor'.
[13/Mar/2017:11:13:13] ENGINE Serving on http://127.0.0.1:8080
[13/Mar/2017:11:13:13] ENGINE Bus STARTED
[13/Mar/2017:11:45:36] ENGINE Listening for SIGTERM.
[13/Mar/2017:11:45:36] ENGINE Bus STARTING
[13/Mar/2017:11:45:36] ENGINE Set handler for console events.
[13/Mar/2017:11:45:36] ENGINE Started monitor thread '_TimeoutMonitor'.
[13/Mar/2017:11:45:36] ENGINE Serving on http://127.0.0.1:8080
[13/Mar/2017:11:45:36] ENGINE Bus STARTED
[13/Mar/2017:11:46:35] ENGINE Started monitor thread 'Session cleanup'.
[13/Mar/2017:11:49:22] ENGINE Listening for SIGTERM.
[13/Mar/2017:11:49:22] ENGINE Bus STARTING
[13/Mar/2017:11:49:22] ENGINE Set handler for console events.
[13/Mar/2017:11:49:22] ENGINE Started monitor thread '_TimeoutMonitor'.
[13/Mar/2017:11:49:22] ENGINE Serving on http://127.0.0.1:8080
[13/Mar/2017:11:49:22] ENGINE Bus STARTED
[13/Mar/2017:11:49:28] ENGINE Started monitor thread 'Session cleanup'.
[13/Mar/2017:11:49:28] HTTP 
Traceback (most recent call last):
  File "C:\Users\WADDE\AppData\Local\Programs\Python\Python35-32\lib\site-packages\cherrypy\_cprequest.py", line 670, in respond
    response.body = self.handler()
  File "C:\Users\WADDE\AppData\Local\Programs\Python\Python35-32\lib\site-packages\cherrypy\lib\encoding.py", line 220, in __call__
    self.body = self.oldhandler(*args, **kwargs)
  File "C:\Users\WADDE\AppData\Local\Programs\Python\Python35-32\lib\site-packages\cherrypy\_cpdispatch.py", line 60, in __call__
    return self.callable(*self.args, **self.kwargs)
  File "C:/Users/WADDE/PycharmProjects/A.L.L-Project-2-Way-finder/CherryPyWebsite.py", line 30, in admin
    if cherrypy.session["loggedon"]:
  File "C:\Users\WADDE\AppData\Local\Programs\Python\Python35-32\lib\site-packages\cherrypy\__init__.py", line 254, in __getitem__
    return child[key]
  File "C:\Users\WADDE\AppData\Local\Programs\Python\Python35-32\lib\site-packages\cherrypy\lib\sessions.py", line 308, in __getitem__
    return self._data[key]
KeyError: 'loggedon'
[13/Mar/2017:11:49:35] HTTP 
Traceback (most recent call last):
  File "C:\Users\WADDE\AppData\Local\Programs\Python\Python35-32\lib\site-packages\cherrypy\_cprequest.py", line 670, in respond
    response.body = self.handler()
  File "C:\Users\WADDE\AppData\Local\Programs\Python\Python35-32\lib\site-packages\cherrypy\lib\encoding.py", line 220, in __call__
    self.body = self.oldhandler(*args, **kwargs)
  File "C:\Users\WADDE\AppData\Local\Programs\Python\Python35-32\lib\site-packages\cherrypy\_cpdispatch.py", line 60, in __call__
    return self.callable(*self.args, **self.kwargs)
  File "C:/Users/WADDE/PycharmProjects/A.L.L-Project-2-Way-finder/CherryPyWebsite.py", line 30, in admin
    if cherrypy.session["loggedon"]:
  File "C:\Users\WADDE\AppData\Local\Programs\Python\Python35-32\lib\site-packages\cherrypy\__init__.py", line 254, in __getitem__
    return child[key]
  File "C:\Users\WADDE\AppData\Local\Programs\Python\Python35-32\lib\site-packages\cherrypy\lib\sessions.py", line 308, in __getitem__
    return self._data[key]
KeyError: 'loggedon'
[13/Mar/2017:11:49:36] HTTP 
Traceback (most recent call last):
  File "C:\Users\WADDE\AppData\Local\Programs\Python\Python35-32\lib\site-packages\cherrypy\_cprequest.py", line 670, in respond
    response.body = self.handler()
  File "C:\Users\WADDE\AppData\Local\Programs\Python\Python35-32\lib\site-packages\cherrypy\lib\encoding.py", line 220, in __call__
    self.body = self.oldhandler(*args, **kwargs)
  File "C:\Users\WADDE\AppData\Local\Programs\Python\Python35-32\lib\site-packages\cherrypy\_cpdispatch.py", line 60, in __call__
    return self.callable(*self.args, **self.kwargs)
  File "C:/Users/WADDE/PycharmProjects/A.L.L-Project-2-Way-finder/CherryPyWebsite.py", line 30, in admin
    if cherrypy.session["loggedon"]:
  File "C:\Users\WADDE\AppData\Local\Programs\Python\Python35-32\lib\site-packages\cherrypy\__init__.py", line 254, in __getitem__
    return child[key]
  File "C:\Users\WADDE\AppData\Local\Programs\Python\Python35-32\lib\site-packages\cherrypy\lib\sessions.py", line 308, in __getitem__
    return self._data[key]
KeyError: 'loggedon'
[13/Mar/2017:11:53:29] ENGINE Listening for SIGTERM.
[13/Mar/2017:11:53:29] ENGINE Bus STARTING
[13/Mar/2017:11:53:29] ENGINE Set handler for console events.
[13/Mar/2017:11:53:29] ENGINE Started monitor thread '_TimeoutMonitor'.
[13/Mar/2017:11:53:30] ENGINE Serving on http://127.0.0.1:8080
[13/Mar/2017:11:53:30] ENGINE Bus STARTED
[13/Mar/2017:11:53:35] ENGINE Started monitor thread 'Session cleanup'.
[23/Mar/2017:22:14:36] ENGINE Listening for SIGUSR1.
[23/Mar/2017:22:14:36] ENGINE Listening for SIGTERM.
[23/Mar/2017:22:14:36] ENGINE Listening for SIGHUP.
[23/Mar/2017:22:14:36] ENGINE Bus STARTING
[23/Mar/2017:22:14:36] ENGINE Started monitor thread '_TimeoutMonitor'.
[23/Mar/2017:22:14:36] ENGINE Serving on http://127.0.0.1:8080
[23/Mar/2017:22:14:36] ENGINE Bus STARTED
[23/Mar/2017:22:15:36] ENGINE Keyboard Interrupt: shutting down bus
[23/Mar/2017:22:15:36] ENGINE Bus STOPPING
[23/Mar/2017:22:15:36] ENGINE HTTP Server cherrypy._cpwsgi_server.CPWSGIServer(('127.0.0.1', 8080)) shut down
[23/Mar/2017:22:15:36] ENGINE Stopped thread '_TimeoutMonitor'.
[23/Mar/2017:22:15:36] ENGINE Bus STOPPED
[23/Mar/2017:22:15:36] ENGINE Bus EXITING
[23/Mar/2017:22:15:36] ENGINE Bus EXITED
[23/Mar/2017:22:15:36] ENGINE Waiting for child threads to terminate...
